#
# A fatal error has been detected by the Java Runtime Environment:
#
#  EXCEPTION_ACCESS_VIOLATION (0xc0000005) at pc=0x00000000031ddaea, pid=1336, tid=2308
#
# JRE version: Java(TM) SE Runtime Environment (8.0_25-b18) (build 1.8.0_25-b18)
# Java VM: Java HotSpot(TM) 64-Bit Server VM (25.25-b02 mixed mode windows-amd64 compressed oops)
# Problematic frame:
# J 9429 C1 java.io.ObjectStreamClass$FieldReflector.getObjFieldValues(Ljava/lang/Object;[Ljava/lang/Object;)V (99 bytes) @ 0x00000000031ddaea [0x00000000031dd9c0+0x12a]
#
# Failed to write core dump. Minidumps are not enabled by default on client versions of Windows
#
# If you would like to submit a bug report, please visit:
#   http://bugreport.sun.com/bugreport/crash.jsp
#

---------------  T H R E A D  ---------------

Current thread (0x0000000016400800):  JavaThread "localhost-startStop-2" daemon [_thread_in_Java, id=2308, stack(0x000000002be90000,0x000000002bf90000)]

siginfo: ExceptionCode=0xc0000005, reading address 0x0000000000000109

Registers:
RAX=0x0000000000000101, RBX=0x0000000000000060, RCX=0x00000000f781f650, RDX=0x00000000f780eb90
RSP=0x000000002bf870e0, RBP=0x000000002bf876c0, RSI=0x0000000000000000, RDI=0x000000010000f280
R8 =0x00000000ff008660, R9 =0x00000000f781f640, R10=0x000000010011aad0, R11=0x00000000f78028d0
R12=0x0000000000000000, R13=0x00000000f6c3fda8, R14=0x000000002bf87208, R15=0x0000000016400800
RIP=0x00000000031ddaea, EFLAGS=0x0000000000010202

Top of Stack: (sp=0x000000002bf870e0)
0x000000002bf870e0:   000000010011acf0 00000000f77ff0a8
0x000000002bf870f0:   00000000ff008660 00000000f6f0d130
0x000000002bf87100:   00000000f6c41c00 00000000f6f0d130
0x000000002bf87110:   0000000000000038 0000000000000000
0x000000002bf87120:   0000000015ddfa27 0000000016400800
0x000000002bf87130:   000000002bf876c0 00000000028d9b44
0x000000002bf87140:   0000000016400800 00000000000000bd
0x000000002bf87150:   000000002bf871b8 00000000022577b0
0x000000002bf87160:   00000000022577b0 00000000f781f628
0x000000002bf87170:   00000000f781f540 000000002bf87178
0x000000002bf87180:   0000000015ddfa2a 000000002bf87208
0x000000002bf87190:   0000000015df3038 000000002be61e20
0x000000002bf871a0:   0000000015ddfa70 00000000ff008660
0x000000002bf871b0:   00000000f77ff0a8 00000000f6c3fda8
0x000000002bf871c0:   0000000100000000 00000000f781f640
0x000000002bf871d0:   0000000000000000 00000000f78028d0 

Instructions: (pc=0x00000000031ddaea)
0x00000000031ddaca:   bb 40 f9 e5 2b 00 00 00 00 81 8b c0 01 00 00 00
0x00000000031ddada:   01 00 00 e9 e7 00 00 00 41 8b 79 08 48 c1 e7 03
0x00000000031ddaea:   8b 58 08 48 c1 e3 03 48 8b bf f0 00 00 00 48 3b
0x00000000031ddafa:   df 0f 84 2a 00 00 00 44 8b 5f 0c 4a 3b 3c 1b 0f 


Register to memory mapping:

RAX=0x0000000000000101 is an unknown value
RBX=0x0000000000000060 is an unknown value
RCX=0x00000000f781f650 is an oop

[error occurred during error reporting (printing register info), id 0xc0000005]

Stack: [0x000000002be90000,0x000000002bf90000],  sp=0x000000002bf870e0,  free space=988k
Native frames: (J=compiled Java code, j=interpreted, Vv=VM code, C=native code)
C  0x00000000031ddaea


---------------  P R O C E S S  ---------------

Java Threads: ( => current thread )
=>0x0000000016400800 JavaThread "localhost-startStop-2" daemon [_thread_in_Java, id=2308, stack(0x000000002be90000,0x000000002bf90000)]
  0x00000000163ff800 JavaThread "Tomcat-startStop-2" daemon [_thread_blocked, id=10096, stack(0x000000002a800000,0x000000002a900000)]
  0x00000000154f5000 JavaThread "http-bio-8080-exec-10" daemon [_thread_blocked, id=2796, stack(0x000000002b890000,0x000000002b990000)]
  0x00000000154f3800 JavaThread "http-bio-8080-exec-9" daemon [_thread_blocked, id=7504, stack(0x000000002b790000,0x000000002b890000)]
  0x00000000154f4000 JavaThread "http-bio-8080-exec-8" daemon [_thread_blocked, id=11140, stack(0x000000002b3d0000,0x000000002b4d0000)]
  0x00000000154ef800 JavaThread "http-bio-8080-exec-7" daemon [_thread_in_native, id=2680, stack(0x000000002a500000,0x000000002a600000)]
  0x00000000154e9000 JavaThread "http-bio-8080-exec-6" daemon [_thread_blocked, id=2220, stack(0x000000001f140000,0x000000001f240000)]
  0x00000000154f1000 JavaThread "Thread-10" daemon [_thread_in_native, id=9476, stack(0x000000002b1b0000,0x000000002b2b0000)]
  0x00000000154ec000 JavaThread "http-bio-8080-exec-5" daemon [_thread_blocked, id=8268, stack(0x000000002a700000,0x000000002a800000)]
  0x00000000154ef000 JavaThread "http-bio-8080-exec-4" daemon [_thread_blocked, id=6612, stack(0x000000002b2d0000,0x000000002b3d0000)]
  0x00000000154eb000 JavaThread "DestroyJavaVM" [_thread_blocked, id=4408, stack(0x0000000001de0000,0x0000000001ee0000)]
  0x00000000154ee000 JavaThread "Thread-8" [_thread_blocked, id=2900, stack(0x000000002aeb0000,0x000000002afb0000)]
  0x00000000154ea800 JavaThread "http-bio-8080-exec-3" daemon [_thread_blocked, id=7300, stack(0x000000002adb0000,0x000000002aeb0000)]
  0x00000000154ec800 JavaThread "http-bio-8080-exec-2" daemon [_thread_in_native, id=7604, stack(0x000000002acb0000,0x000000002adb0000)]
  0x00000000154e6800 JavaThread "http-bio-8080-exec-1" daemon [_thread_in_native, id=5336, stack(0x000000002abb0000,0x000000002acb0000)]
  0x00000000154e9800 JavaThread "http-bio-8080-AsyncTimeout" daemon [_thread_blocked, id=4168, stack(0x000000002aab0000,0x000000002abb0000)]
  0x00000000154e6000 JavaThread "http-bio-8080-Acceptor-0" daemon [_thread_blocked, id=7232, stack(0x000000002a9b0000,0x000000002aab0000)]
  0x0000000015a28800 JavaThread "FileSystemWatcher: files=#148 cl=groovy.lang.GroovyClassLoader@51acdf2e" daemon [_thread_blocked, id=10988, stack(0x000000001a4d0000,0x000000001a5d0000)]
  0x00000000185ef800 JavaThread "Thread-3" [_thread_blocked, id=8764, stack(0x00000000176c0000,0x00000000177c0000)]
  0x0000000017a59800 JavaThread "Thread-2" [_thread_blocked, id=11092, stack(0x0000000018a00000,0x0000000018b00000)]
  0x00000000157f7800 JavaThread "NonBlockingInputStreamThread" daemon [_thread_blocked, id=6912, stack(0x00000000161f0000,0x00000000162f0000)]
  0x0000000014dd8000 JavaThread "Service Thread" daemon [_thread_blocked, id=9948, stack(0x0000000015220000,0x0000000015320000)]
  0x0000000014c7b000 JavaThread "C1 CompilerThread2" daemon [_thread_blocked, id=5332, stack(0x0000000015120000,0x0000000015220000)]
  0x0000000014c7f000 JavaThread "C2 CompilerThread1" daemon [_thread_in_native, id=7180, stack(0x0000000015020000,0x0000000015120000)]
  0x0000000014c7e800 JavaThread "C2 CompilerThread0" daemon [_thread_blocked, id=9804, stack(0x0000000014f20000,0x0000000015020000)]
  0x00000000135bf000 JavaThread "Attach Listener" daemon [_thread_blocked, id=6720, stack(0x0000000014a20000,0x0000000014b20000)]
  0x00000000135be000 JavaThread "Signal Dispatcher" daemon [_thread_blocked, id=10016, stack(0x0000000014920000,0x0000000014a20000)]
  0x0000000002249000 JavaThread "Finalizer" daemon [_thread_blocked, id=716, stack(0x0000000014820000,0x0000000014920000)]
  0x0000000002240000 JavaThread "Reference Handler" daemon [_thread_blocked, id=6556, stack(0x0000000014720000,0x0000000014820000)]

Other Threads:
  0x0000000013585800 VMThread [stack: 0x0000000014620000,0x0000000014720000] [id=9424]
  0x0000000014dda000 WatcherThread [stack: 0x0000000015320000,0x0000000015420000] [id=8132]

VM state:not at safepoint (normal execution)

VM Mutex/Monitor currently owned by a thread: None

Heap:
 PSYoungGen      total 141824K, used 56644K [0x00000000f5580000, 0x0000000100000000, 0x0000000100000000)
  eden space 111104K, 31% used [0x00000000f5580000,0x00000000f7824a08,0x00000000fc200000)
  from space 30720K, 68% used [0x00000000fe200000,0x00000000ff6ac9e8,0x0000000100000000)
  to   space 31744K, 0% used [0x00000000fc200000,0x00000000fc200000,0x00000000fe100000)
 ParOldGen       total 179200K, used 116995K [0x00000000e0000000, 0x00000000eaf00000, 0x00000000f5580000)
  object space 179200K, 65% used [0x00000000e0000000,0x00000000e7240fb8,0x00000000eaf00000)
 Metaspace       used 79052K, capacity 81870K, committed 81920K, reserved 1122304K
  class space    used 8892K, capacity 9726K, committed 9728K, reserved 1048576K

Card table byte_map: [0x0000000011610000,0x0000000011720000] byte_map_base: 0x0000000010f10000

Marking Bits: (ParMarkBitMap*) 0x00000000564ed490
 Begin Bits: [0x0000000011b20000, 0x0000000012320000)
 End Bits:   [0x0000000012320000, 0x0000000012b20000)

Polling page: 0x0000000001ef0000

CodeCache: size=245760Kb used=26149Kb max_used=26158Kb free=219610Kb
 bounds [0x0000000002250000, 0x0000000003c20000, 0x0000000011250000]
 total_blobs=8147 nmethods=7362 adapters=697
 compilation: enabled

Compilation events (10 events):
Event: 342.062 Thread 0x0000000014c7b000 nmethod 9432 0x0000000002db13d0 code [0x0000000002db1520, 0x0000000002db1650]
Event: 342.062 Thread 0x0000000014c7b000 9433   !   3       java.io.ObjectOutputStream::writeObject (38 bytes)
Event: 342.063 Thread 0x0000000014c7b000 nmethod 9433 0x000000000287da50 code [0x000000000287dbe0, 0x000000000287def8]
Event: 342.066 Thread 0x0000000014c7b000 9434       3       java.io.ObjectStreamClass::checkSerialize (16 bytes)
Event: 342.067 Thread 0x0000000014c7b000 nmethod 9434 0x00000000031dc8d0 code [0x00000000031dca40, 0x00000000031dcce8]
Event: 342.067 Thread 0x0000000014c7b000 9435   !   3       java.io.ObjectOutputStream::writeSerialData (221 bytes)
Event: 342.069 Thread 0x0000000014c7b000 nmethod 9435 0x0000000003227910 code [0x0000000003227b60, 0x00000000032288f8]
Event: 342.069 Thread 0x0000000014c7b000 9436   !   3       java.io.ObjectOutputStream::writeOrdinaryObject (175 bytes)
Event: 342.070 Thread 0x0000000014c7e800 nmethod 9425 0x0000000003226cd0 code [0x0000000003226e20, 0x00000000032274b8]
Event: 342.070 Thread 0x0000000014c7b000 nmethod 9436 0x0000000002909910 code [0x0000000002909b20, 0x000000000290a2f8]

GC Heap History (10 events):
Event: 106.879 GC heap before
{Heap before GC invocations=78 (full 4):
 PSYoungGen      total 137216K, used 119829K [0x00000000f5580000, 0x00000000ffe80000, 0x0000000100000000)
  eden space 106496K, 100% used [0x00000000f5580000,0x00000000fbd80000,0x00000000fbd80000)
  from space 30720K, 43% used [0x00000000fbd80000,0x00000000fca85778,0x00000000fdb80000)
  to   space 29696K, 0% used [0x00000000fe180000,0x00000000fe180000,0x00000000ffe80000)
 ParOldGen       total 179200K, used 116059K [0x00000000e0000000, 0x00000000eaf00000, 0x00000000f5580000)
  object space 179200K, 64% used [0x00000000e0000000,0x00000000e7156eb8,0x00000000eaf00000)
 Metaspace       used 76218K, capacity 78448K, committed 78720K, reserved 1118208K
  class space    used 8576K, capacity 9244K, committed 9344K, reserved 1048576K
Event: 106.909 GC heap after
Heap after GC invocations=78 (full 4):
 PSYoungGen      total 142336K, used 15437K [0x00000000f5580000, 0x00000000ffd80000, 0x0000000100000000)
  eden space 113664K, 0% used [0x00000000f5580000,0x00000000f5580000,0x00000000fc480000)
  from space 28672K, 53% used [0x00000000fe180000,0x00000000ff0934d8,0x00000000ffd80000)
  to   space 29184K, 0% used [0x00000000fc480000,0x00000000fc480000,0x00000000fe100000)
 ParOldGen       total 179200K, used 116075K [0x00000000e0000000, 0x00000000eaf00000, 0x00000000f5580000)
  object space 179200K, 64% used [0x00000000e0000000,0x00000000e715aeb8,0x00000000eaf00000)
 Metaspace       used 76218K, capacity 78448K, committed 78720K, reserved 1118208K
  class space    used 8576K, capacity 9244K, committed 9344K, reserved 1048576K
}
Event: 236.169 GC heap before
{Heap before GC invocations=79 (full 4):
 PSYoungGen      total 142336K, used 129101K [0x00000000f5580000, 0x00000000ffd80000, 0x0000000100000000)
  eden space 113664K, 100% used [0x00000000f5580000,0x00000000fc480000,0x00000000fc480000)
  from space 28672K, 53% used [0x00000000fe180000,0x00000000ff0934d8,0x00000000ffd80000)
  to   space 29184K, 0% used [0x00000000fc480000,0x00000000fc480000,0x00000000fe100000)
 ParOldGen       total 179200K, used 116075K [0x00000000e0000000, 0x00000000eaf00000, 0x00000000f5580000)
  object space 179200K, 64% used [0x00000000e0000000,0x00000000e715aeb8,0x00000000eaf00000)
 Metaspace       used 77051K, capacity 79318K, committed 79616K, reserved 1120256K
  class space    used 8679K, capacity 9373K, committed 9472K, reserved 1048576K
Event: 236.244 GC heap after
Heap after GC invocations=79 (full 4):
 PSYoungGen      total 142848K, used 19551K [0x00000000f5580000, 0x0000000100000000, 0x0000000100000000)
  eden space 113664K, 0% used [0x00000000f5580000,0x00000000f5580000,0x00000000fc480000)
  from space 29184K, 66% used [0x00000000fc480000,0x00000000fd797fe0,0x00000000fe100000)
  to   space 30208K, 0% used [0x00000000fe280000,0x00000000fe280000,0x0000000100000000)
 ParOldGen       total 179200K, used 116475K [0x00000000e0000000, 0x00000000eaf00000, 0x00000000f5580000)
  object space 179200K, 64% used [0x00000000e0000000,0x00000000e71befa8,0x00000000eaf00000)
 Metaspace       used 77051K, capacity 79318K, committed 79616K, reserved 1120256K
  class space    used 8679K, capacity 9373K, committed 9472K, reserved 1048576K
}
Event: 282.535 GC heap before
{Heap before GC invocations=80 (full 4):
 PSYoungGen      total 142848K, used 133215K [0x00000000f5580000, 0x0000000100000000, 0x0000000100000000)
  eden space 113664K, 100% used [0x00000000f5580000,0x00000000fc480000,0x00000000fc480000)
  from space 29184K, 66% used [0x00000000fc480000,0x00000000fd797fe0,0x00000000fe100000)
  to   space 30208K, 0% used [0x00000000fe280000,0x00000000fe280000,0x0000000100000000)
 ParOldGen       total 179200K, used 116475K [0x00000000e0000000, 0x00000000eaf00000, 0x00000000f5580000)
  object space 179200K, 64% used [0x00000000e0000000,0x00000000e71befa8,0x00000000eaf00000)
 Metaspace       used 77548K, capacity 79940K, committed 80128K, reserved 1120256K
  class space    used 8738K, capacity 9459K, committed 9472K, reserved 1048576K
Event: 282.572 GC heap after
Heap after GC invocations=80 (full 4):
 PSYoungGen      total 143360K, used 19275K [0x00000000f5580000, 0x0000000100000000, 0x0000000100000000)
  eden space 113152K, 0% used [0x00000000f5580000,0x00000000f5580000,0x00000000fc400000)
  from space 30208K, 63% used [0x00000000fe280000,0x00000000ff552c20,0x0000000100000000)
  to   space 30720K, 0% used [0x00000000fc400000,0x00000000fc400000,0x00000000fe200000)
 ParOldGen       total 179200K, used 116987K [0x00000000e0000000, 0x00000000eaf00000, 0x00000000f5580000)
  object space 179200K, 65% used [0x00000000e0000000,0x00000000e723efb8,0x00000000eaf00000)
 Metaspace       used 77548K, capacity 79940K, committed 80128K, reserved 1120256K
  class space    used 8738K, capacity 9459K, committed 9472K, reserved 1048576K
}
Event: 284.671 GC heap before
{Heap before GC invocations=81 (full 4):
 PSYoungGen      total 143360K, used 132427K [0x00000000f5580000, 0x0000000100000000, 0x0000000100000000)
  eden space 113152K, 100% used [0x00000000f5580000,0x00000000fc400000,0x00000000fc400000)
  from space 30208K, 63% used [0x00000000fe280000,0x00000000ff552c20,0x0000000100000000)
  to   space 30720K, 0% used [0x00000000fc400000,0x00000000fc400000,0x00000000fe200000)
 ParOldGen       total 179200K, used 116987K [0x00000000e0000000, 0x00000000eaf00000, 0x00000000f5580000)
  object space 179200K, 65% used [0x00000000e0000000,0x00000000e723efb8,0x00000000eaf00000)
 Metaspace       used 77657K, capacity 80068K, committed 80128K, reserved 1120256K
  class space    used 8741K, capacity 9459K, committed 9472K, reserved 1048576K
Event: 284.715 GC heap after
Heap after GC invocations=81 (full 4):
 PSYoungGen      total 143872K, used 19055K [0x00000000f5580000, 0x0000000100000000, 0x0000000100000000)
  eden space 113152K, 0% used [0x00000000f5580000,0x00000000f5580000,0x00000000fc400000)
  from space 30720K, 62% used [0x00000000fc400000,0x00000000fd69bf10,0x00000000fe200000)
  to   space 30720K, 0% used [0x00000000fe200000,0x00000000fe200000,0x0000000100000000)
 ParOldGen       total 179200K, used 116987K [0x00000000e0000000, 0x00000000eaf00000, 0x00000000f5580000)
  object space 179200K, 65% used [0x00000000e0000000,0x00000000e723efb8,0x00000000eaf00000)
 Metaspace       used 77657K, capacity 80068K, committed 80128K, reserved 1120256K
  class space    used 8741K, capacity 9459K, committed 9472K, reserved 1048576K
}
Event: 291.072 GC heap before
{Heap before GC invocations=82 (full 4):
 PSYoungGen      total 143872K, used 132207K [0x00000000f5580000, 0x0000000100000000, 0x0000000100000000)
  eden space 113152K, 100% used [0x00000000f5580000,0x00000000fc400000,0x00000000fc400000)
  from space 30720K, 62% used [0x00000000fc400000,0x00000000fd69bf10,0x00000000fe200000)
  to   space 30720K, 0% used [0x00000000fe200000,0x00000000fe200000,0x0000000100000000)
 ParOldGen       total 179200K, used 116987K [0x00000000e0000000, 0x00000000eaf00000, 0x00000000f5580000)
  object space 179200K, 65% used [0x00000000e0000000,0x00000000e723efb8,0x00000000eaf00000)
 Metaspace       used 78248K, capacity 80726K, committed 80768K, reserved 1120256K
  class space    used 8778K, capacity 9567K, committed 9600K, reserved 1048576K
Event: 291.105 GC heap after
Heap after GC invocations=82 (full 4):
 PSYoungGen      total 141824K, used 21170K [0x00000000f5580000, 0x0000000100000000, 0x0000000100000000)
  eden space 111104K, 0% used [0x00000000f5580000,0x00000000f5580000,0x00000000fc200000)
  from space 30720K, 68% used [0x00000000fe200000,0x00000000ff6ac9e8,0x0000000100000000)
  to   space 31744K, 0% used [0x00000000fc200000,0x00000000fc200000,0x00000000fe100000)
 ParOldGen       total 179200K, used 116995K [0x00000000e0000000, 0x00000000eaf00000, 0x00000000f5580000)
  object space 179200K, 65% used [0x00000000e0000000,0x00000000e7240fb8,0x00000000eaf00000)
 Metaspace       used 78248K, capacity 80726K, committed 80768K, reserved 1120256K
  class space    used 8778K, capacity 9567K, committed 9600K, reserved 1048576K
}

Deoptimization events (10 events):
Event: 291.059 Thread 0x00000000154e6800 Uncommon trap: reason=bimorphic action=maybe_recompile pc=0x0000000003889b00 method=org.springsource.loaded.ri.ReflectiveInterceptor.jlClassGetMethod(Ljava/lang/Class;Ljava/lang/String;[Ljava/lang/Class;)Ljava/lang/reflect/Method; @ 45
Event: 341.345 Thread 0x0000000016400800 Uncommon trap: reason=bimorphic action=maybe_recompile pc=0x00000000024f4ba4 method=java.util.Hashtable.put(Ljava/lang/Object;Ljava/lang/Object;)Ljava/lang/Object; @ 60
Event: 341.345 Thread 0x0000000016400800 Uncommon trap: reason=bimorphic action=maybe_recompile pc=0x00000000024f4ba4 method=java.util.Hashtable.put(Ljava/lang/Object;Ljava/lang/Object;)Ljava/lang/Object; @ 60
Event: 341.990 Thread 0x0000000016400800 Uncommon trap: reason=predicate action=maybe_recompile pc=0x0000000002e2d350 method=java.util.TimSort.binarySort([Ljava/lang/Object;IIILjava/util/Comparator;)V @ 37
Event: 342.015 Thread 0x0000000016400800 Uncommon trap: reason=array_check action=maybe_recompile pc=0x00000000028d09f0 method=java.util.TimSort.binarySort([Ljava/lang/Object;IIILjava/util/Comparator;)V @ 193
Event: 342.018 Thread 0x0000000016400800 Uncommon trap: reason=array_check action=maybe_recompile pc=0x00000000028d093c method=java.util.TimSort.binarySort([Ljava/lang/Object;IIILjava/util/Comparator;)V @ 215
Event: 342.022 Thread 0x0000000016400800 Uncommon trap: reason=array_check action=maybe_recompile pc=0x00000000028d093c method=java.util.TimSort.binarySort([Ljava/lang/Object;IIILjava/util/Comparator;)V @ 215
Event: 342.023 Thread 0x0000000016400800 Uncommon trap: reason=array_check action=maybe_recompile pc=0x00000000028d093c method=java.util.TimSort.binarySort([Ljava/lang/Object;IIILjava/util/Comparator;)V @ 215
Event: 342.074 Thread 0x0000000016400800 Uncommon trap: reason=array_check action=maybe_recompile pc=0x0000000003227360 method=java.util.TimSort.binarySort([Ljava/lang/Object;IIILjava/util/Comparator;)V @ 183
Event: 342.074 Thread 0x0000000016400800 Uncommon trap: reason=array_check action=maybe_recompile pc=0x0000000003227360 method=java.util.TimSort.binarySort([Ljava/lang/Object;IIILjava/util/Comparator;)V @ 183

Internal exceptions (10 events):
Event: 342.054 Thread 0x0000000016400800 Exception <a 'java/lang/NoSuchMethodError': <clinit>> (0x00000000f771a8a0) thrown at [D:\re\workspace\8-2-build-windows-amd64-cygwin\jdk8u25\1677\hotspot\src\share\vm\prims\jni.cpp, line 1603]
Event: 342.054 Thread 0x0000000016400800 Exception <a 'java/lang/NoSuchMethodError': <clinit>> (0x00000000f7736c28) thrown at [D:\re\workspace\8-2-build-windows-amd64-cygwin\jdk8u25\1677\hotspot\src\share\vm\prims\jni.cpp, line 1603]
Event: 342.055 Thread 0x0000000016400800 Exception <a 'java/lang/NoSuchMethodError': <clinit>> (0x00000000f774ec48) thrown at [D:\re\workspace\8-2-build-windows-amd64-cygwin\jdk8u25\1677\hotspot\src\share\vm\prims\jni.cpp, line 1603]
Event: 342.056 Thread 0x0000000016400800 Exception <a 'java/lang/NoSuchMethodError': <clinit>> (0x00000000f776e7b8) thrown at [D:\re\workspace\8-2-build-windows-amd64-cygwin\jdk8u25\1677\hotspot\src\share\vm\prims\jni.cpp, line 1603]
Event: 342.059 Thread 0x0000000016400800 Exception <a 'java/lang/NoSuchMethodError': <clinit>> (0x00000000f7785538) thrown at [D:\re\workspace\8-2-build-windows-amd64-cygwin\jdk8u25\1677\hotspot\src\share\vm\prims\jni.cpp, line 1603]
Event: 342.061 Thread 0x0000000016400800 Exception <a 'java/lang/NoSuchMethodError': <clinit>> (0x00000000f77976b0) thrown at [D:\re\workspace\8-2-build-windows-amd64-cygwin\jdk8u25\1677\hotspot\src\share\vm\prims\jni.cpp, line 1603]
Event: 342.063 Thread 0x0000000016400800 Exception <a 'java/lang/NoSuchMethodError': <clinit>> (0x00000000f77a7848) thrown at [D:\re\workspace\8-2-build-windows-amd64-cygwin\jdk8u25\1677\hotspot\src\share\vm\prims\jni.cpp, line 1603]
Event: 342.070 Thread 0x0000000016400800 Exception <a 'java/lang/NoSuchMethodError': <clinit>> (0x00000000f77dba10) thrown at [D:\re\workspace\8-2-build-windows-amd64-cygwin\jdk8u25\1677\hotspot\src\share\vm\prims\jni.cpp, line 1603]
Event: 342.072 Thread 0x0000000016400800 Exception <a 'java/lang/NoSuchMethodError': <clinit>> (0x00000000f77f3890) thrown at [D:\re\workspace\8-2-build-windows-amd64-cygwin\jdk8u25\1677\hotspot\src\share\vm\prims\jni.cpp, line 1603]
Event: 342.075 Thread 0x0000000016400800 Implicit null exception at 0x00000000031ddaea to 0x0000000000000000

Events (10 events):
Event: 342.050 loading class com/vaadin/data/util/IndexedContainer$IndexedContainerProperty
Event: 342.050 loading class com/vaadin/data/util/IndexedContainer$IndexedContainerProperty done
Event: 342.067 loading class java/io/NotSerializableException
Event: 342.067 loading class java/io/NotSerializableException done
Event: 342.074 Thread 0x0000000016400800 Uncommon trap: trap_request=0xffffffd6 fr.pc=0x0000000003227360
Event: 342.074 Thread 0x0000000016400800 DEOPT PACKING pc=0x0000000003227360 sp=0x000000002bf86170
Event: 342.074 Thread 0x0000000016400800 DEOPT UNPACKING pc=0x000000000229556a sp=0x000000002bf86110 mode 2
Event: 342.074 Thread 0x0000000016400800 Uncommon trap: trap_request=0xffffffd6 fr.pc=0x0000000003227360
Event: 342.074 Thread 0x0000000016400800 DEOPT PACKING pc=0x0000000003227360 sp=0x000000002bf86170
Event: 342.074 Thread 0x0000000016400800 DEOPT UNPACKING pc=0x000000000229556a sp=0x000000002bf86110 mode 2


Dynamic libraries:
0x00007ff6e93e0000 - 0x00007ff6e9414000 	C:\Program Files\Java\jdk1.8.0_25\bin\java.exe
0x00007fff98330000 - 0x00007fff984d6000 	C:\WINDOWS\SYSTEM32\ntdll.dll
0x00007fff974b0000 - 0x00007fff975ea000 	C:\WINDOWS\system32\KERNEL32.DLL
0x00007fff95aa0000 - 0x00007fff95baf000 	C:\WINDOWS\system32\KERNELBASE.dll
0x00007fff942b0000 - 0x00007fff94338000 	C:\WINDOWS\system32\apphelp.dll
0x00007fff81960000 - 0x00007fff819af000 	C:\WINDOWS\AppPatch\AppPatch64\AcGenral.DLL
0x00007fff97720000 - 0x00007fff977c7000 	C:\WINDOWS\system32\msvcrt.dll
0x00007fff95480000 - 0x00007fff954ab000 	C:\WINDOWS\SYSTEM32\SspiCli.dll
0x00007fff97bb0000 - 0x00007fff97c01000 	C:\WINDOWS\system32\SHLWAPI.dll
0x00007fff95e00000 - 0x00007fff95f71000 	C:\WINDOWS\system32\USER32.dll
0x00007fff97e10000 - 0x00007fff97f88000 	C:\WINDOWS\system32\ole32.dll
0x00007fff95f90000 - 0x00007fff9739f000 	C:\WINDOWS\system32\SHELL32.dll
0x00007fff94c80000 - 0x00007fff94c9e000 	C:\WINDOWS\SYSTEM32\USERENV.dll
0x00007fff97d50000 - 0x00007fff97df5000 	C:\WINDOWS\system32\ADVAPI32.dll
0x00007fff8c6c0000 - 0x00007fff8c6db000 	C:\WINDOWS\SYSTEM32\MPR.dll
0x00007fff97c10000 - 0x00007fff97d47000 	C:\WINDOWS\system32\RPCRT4.dll
0x00007fff97f90000 - 0x00007fff97fe7000 	C:\WINDOWS\SYSTEM32\sechost.dll
0x00007fff98010000 - 0x00007fff981e6000 	C:\WINDOWS\SYSTEM32\combase.dll
0x00007fff95bb0000 - 0x00007fff95cf4000 	C:\WINDOWS\system32\GDI32.dll
0x00007fff956a0000 - 0x00007fff956b4000 	C:\WINDOWS\SYSTEM32\profapi.dll
0x00007fff92c80000 - 0x00007fff92d1f000 	C:\WINDOWS\SYSTEM32\SHCORE.dll
0x00007fff95d10000 - 0x00007fff95d44000 	C:\WINDOWS\system32\IMM32.DLL
0x00007fff981f0000 - 0x00007fff98329000 	C:\WINDOWS\system32\MSCTF.dll
0x00007fff927d0000 - 0x00007fff92a2a000 	C:\WINDOWS\WinSxS\amd64_microsoft.windows.common-controls_6595b64144ccf1df_6.0.9600.17031_none_6242a4b3ecbb55a1\COMCTL32.dll
0x0000000056570000 - 0x0000000056642000 	C:\Program Files\Java\jdk1.8.0_25\jre\bin\msvcr100.dll
0x0000000055d10000 - 0x000000005656a000 	C:\Program Files\Java\jdk1.8.0_25\jre\bin\server\jvm.dll
0x00007fff8cad0000 - 0x00007fff8cad9000 	C:\WINDOWS\SYSTEM32\WSOCK32.dll
0x00007fff926c0000 - 0x00007fff926df000 	C:\WINDOWS\SYSTEM32\WINMM.dll
0x00007fff974a0000 - 0x00007fff974a7000 	C:\WINDOWS\system32\PSAPI.DLL
0x00007fff97b50000 - 0x00007fff97ba8000 	C:\WINDOWS\system32\WS2_32.dll
0x00007fff90cc0000 - 0x00007fff90cea000 	C:\WINDOWS\SYSTEM32\WINMMBASE.dll
0x00007fff97e00000 - 0x00007fff97e09000 	C:\WINDOWS\system32\NSI.dll
0x00007fff95a50000 - 0x00007fff95a9a000 	C:\WINDOWS\SYSTEM32\cfgmgr32.dll
0x00007fff94500000 - 0x00007fff94526000 	C:\WINDOWS\SYSTEM32\DEVOBJ.dll
0x00000000584b0000 - 0x00000000584bf000 	C:\Program Files\Java\jdk1.8.0_25\jre\bin\verify.dll
0x0000000055ce0000 - 0x0000000055d08000 	C:\Program Files\Java\jdk1.8.0_25\jre\bin\java.dll
0x0000000055cb0000 - 0x0000000055cd3000 	C:\Program Files\Java\jdk1.8.0_25\jre\bin\instrument.dll
0x0000000055c90000 - 0x0000000055ca6000 	C:\Program Files\Java\jdk1.8.0_25\jre\bin\zip.dll
0x00007fff94f30000 - 0x00007fff94f4e000 	C:\WINDOWS\SYSTEM32\CRYPTSP.dll
0x00007fff94b70000 - 0x00007fff94ba5000 	C:\WINDOWS\system32\rsaenh.dll
0x00007fff95180000 - 0x00007fff951a6000 	C:\WINDOWS\SYSTEM32\bcrypt.dll
0x00007fff954b0000 - 0x00007fff95510000 	C:\WINDOWS\system32\bcryptprimitives.dll
0x00007fff95510000 - 0x00007fff9551a000 	C:\WINDOWS\SYSTEM32\CRYPTBASE.dll
0x0000000055c70000 - 0x0000000055c8a000 	C:\Program Files\Java\jdk1.8.0_25\jre\bin\net.dll
0x00007fff94ed0000 - 0x00007fff94f28000 	C:\WINDOWS\system32\mswsock.dll
0x00007fff91d40000 - 0x00007fff91d69000 	C:\WINDOWS\SYSTEM32\IPHLPAPI.DLL
0x00007fff91d30000 - 0x00007fff91d3a000 	C:\WINDOWS\SYSTEM32\WINNSI.DLL
0x00007fff90d80000 - 0x00007fff90d94000 	C:\WINDOWS\SYSTEM32\dhcpcsvc6.DLL
0x00007fff91720000 - 0x00007fff91739000 	C:\WINDOWS\SYSTEM32\dhcpcsvc.DLL
0x0000000055c50000 - 0x0000000055c61000 	C:\Program Files\Java\jdk1.8.0_25\jre\bin\nio.dll
0x00007fff93c90000 - 0x00007fff93c9a000 	C:\Users\Willy\AppData\Local\Temp\jansi-64-7352306423827794559.dll
0x0000000057120000 - 0x000000005712d000 	C:\Program Files\Java\jdk1.8.0_25\jre\bin\management.dll
0x00007fff94ce0000 - 0x00007fff94d83000 	C:\WINDOWS\SYSTEM32\DNSAPI.dll
0x00007fff8c620000 - 0x00007fff8c629000 	C:\Windows\System32\rasadhlp.dll
0x00007fff90c40000 - 0x00007fff90ca8000 	C:\WINDOWS\System32\fwpuclnt.dll
0x00007fff8c9c0000 - 0x00007fff8c9d4000 	C:\WINDOWS\system32\napinsp.dll
0x00007fff8c9a0000 - 0x00007fff8c9b9000 	C:\WINDOWS\system32\pnrpnsp.dll
0x00007fff935d0000 - 0x00007fff935eb000 	C:\WINDOWS\system32\NLAapi.dll
0x00007fff8c990000 - 0x00007fff8c99c000 	C:\WINDOWS\System32\winrnr.dll
0x00007fff8c630000 - 0x00007fff8c643000 	C:\WINDOWS\system32\wshbth.dll
0x00007fff935f0000 - 0x00007fff93778000 	C:\WINDOWS\SYSTEM32\dbghelp.dll

VM Arguments:
jvm_args: -Dfile.encoding=UTF-8 -Xmx768M -Xms64M -Dgrails.fork.parent.process.port=63798 -Dgrails.fork.active=true -Dgrails.build.execution.context=C:\Users\Willy\AppData\Local\Temp\StockControl6037895494740520965grails-execution-context -Dgrails.home=C:\grails-2.4.4 -javaagent:C:\grails-2.4.4\lib\org.springframework\springloaded\jars\springloaded-1.2.1.RELEASE.jar -Xverify:none -Dspringloaded.synchronize=true -Djdk.reflect.allowGetCallerClass=true -Dspringloaded=profile=grails;cacheDir=C:\Users\Willy\.grails\2.4.4 -Xmx512M 
java_command: org.grails.plugins.tomcat.fork.ForkedTomcatServer
java_class_path (initial): C:\Program Files\Java\jdk1.8.0_25\lib\tools.jar;C:\grails-2.4.4\lib\org.codehaus.groovy\groovy-all\jars\groovy-all-2.3.7.jar;C:\grails-2.4.4\lib\org.slf4j\jcl-over-slf4j\jars\jcl-over-slf4j-1.7.5.jar;C:\grails-2.4.4\lib\org.codehaus.gant\gant_groovy1.8\jars\gant_groovy1.8-1.9.6.jar;C:\grails-2.4.4\lib\org.apache.tomcat.embed\tomcat-embed-logging-log4j\jars\tomcat-embed-logging-log4j-7.0.50.jar;C:\grails-2.4.4\dist\grails-plugin-log4j-2.4.4.jar;C:\grails-2.4.4\lib\log4j\log4j\jars\log4j-1.2.17.jar;C:\grails-2.4.4\dist\grails-bootstrap-2.4.4.jar;C:\grails-2.4.4\lib\org.slf4j\slf4j-api\jars\slf4j-api-1.7.5.jar;C:\grails-2.4.4\lib\jline\jline\jars\jline-2.12.jar;C:\grails-2.4.4\lib\org.apache.ant\ant\jars\ant-1.8.4.jar;C:\grails-2.4.4\lib\org.apache.ant\ant-launcher\jars\ant-launcher-1.8.4.jar;C:\grails-2.4.4\lib\org.apache.ant\ant-trax\jars\ant-trax-1.7.1.jar;C:\grails-2.4.4\lib\org.apache.ant\ant-junit\jars\ant-junit-1.8.4.jar;C:\grails-2.4.4\lib\org.apache.ivy\ivy\jars\ivy-2.3.0.jar;C:\grails-2.4.4\lib\org.fusesource.jansi\jansi\jars\jansi-1.11.jar;C:\Users\Willy\.m2\repository\org\apache\tomcat\tomcat-catalina-ant\7.0.55\tomcat-catalina-ant-7.0.55.jar;C:\Users\Willy\.m2\repository\org\apache\tomcat\embed\tomcat-embed-jasper\7.0.55\tomcat-embed-jasper-7.0.55.jar;C:\Users\Willy\.m2\repository\org\apache\tomcat\embed\tomcat-embed-el\7.0.55\tomcat-embed-el-7.0.55.jar;C:\Users\Willy\.m2\repository\org\apache\tomcat\embed\tomcat-embed-logging-log4j\7.0.55\tomcat-embed-logging-log4j-7.0.55.jar;C:\Users\Willy\.m2\repository\org\apache\tomcat\embed\tomcat-embed-websocket\7.0.55\tomcat-embed-websocket-7.0.55.jar;C:\Users\Willy\.m2\repository\org\apache\tomcat\embed\tomcat-embed-core\7.0.55\tomcat-embed-core-7.0.55.jar;C:\Users\Willy\.m2\repository\org\eclipse\jdt\core\compiler\ecj\3.7.2\ecj-3.7.2.jar;C:\Users\Willy\workspace\StockControl\target\work\plugins\tomcat-7.0.55\grails-plugin-tomcat-7.0.55.jar;;C:\grails-2.4.4\lib\org.springframework\spri
Launcher Type: SUN_STANDARD

Environment Variables:
JAVA_HOME=C:\Program Files\Java\jdk1.8.0_25
_JAVA_OPTIONS=-Xmx512M
PATH=C:\ProgramData\Oracle\Java\javapath;C:\Program Files (x86)\Intel\iCLS Client\;C:\Program Files\Intel\iCLS Client\;C:\Program Files\Broadcom\Broadcom 802.11 Network Adapter;C:\WINDOWS\system32;C:\WINDOWS;C:\WINDOWS\System32\Wbem;C:\WINDOWS\System32\WindowsPowerShell\v1.0\;C:\Program Files\Intel\Intel(R) Management Engine Components\DAL;C:\Program Files\Intel\Intel(R) Management Engine Components\IPT;C:\Program Files (x86)\Intel\Intel(R) Management Engine Components\DAL;C:\Program Files (x86)\Intel\Intel(R) Management Engine Components\IPT;C:\Program Files\WIDCOMM\Bluetooth Software\;C:\Program Files\WIDCOMM\Bluetooth Software\syswow64;C:\Program Files (x86)\Intel\OpenCL SDK\2.0\bin\x86;C:\Program Files (x86)\Intel\OpenCL SDK\2.0\bin\x64;C:\Program Files\Sony\VAIO Improvement;C:\Program Files (x86)\Sony\VAIO BIOS Data Transfer Utility\;C:\Program Files (x86)\Sony\VAIO Startup Setting Tool;C:\Program Files\Microsoft SQL Server\110\Tools\Binn\;C:\Program Files\TortoiseSVN\bin;C:\Program Files (x86)\Microsoft ASP.NET\ASP.NET Web Pages\v1.0\;C:\Program Files (x86)\Windows Kits\8.0\Windows Performance Toolkit\;c:\Program Files (x86)\Microsoft SQL Server\110\Tools\Binn\;c:\Program Files\Microsoft SQL Server\110\DTS\Binn\;C:\Program Files (x86)\Microsoft SQL Server\110\Tools\Binn\ManagementStudio\;C:\Program Files (x86)\Microsoft SQL Server\110\DTS\Binn\;C:\Program Files\TortoiseGit\bin;C:\Program Files\Microsoft\Web Platform Installer\
USERNAME=Willy
OS=Windows_NT
PROCESSOR_IDENTIFIER=Intel64 Family 6 Model 58 Stepping 9, GenuineIntel



---------------  S Y S T E M  ---------------

OS: Windows 8.1 , 64 bit Build 9600 

CPU:total 4 (2 cores per cpu, 2 threads per core) family 6 model 58 stepping 9, cmov, cx8, fxsr, mmx, sse, sse2, sse3, ssse3, sse4.1, sse4.2, popcnt, avx, clmul, erms, ht, tsc, tscinvbit, tscinv

Memory: 4k page, physical 6167348k(2590500k free), swap 12825220k(7200132k free)

vm_info: Java HotSpot(TM) 64-Bit Server VM (25.25-b02) for windows-amd64 JRE (1.8.0_25-b18), built on Oct  7 2014 14:25:37 by "java_re" with MS VC++ 10.0 (VS2010)

time: Thu Feb 05 15:19:29 2015
elapsed time: 342 seconds (0d 0h 5m 42s)

