#
# A fatal error has been detected by the Java Runtime Environment:
#
#  EXCEPTION_ACCESS_VIOLATION (0xc0000005) at pc=0x0000000003950fea, pid=8812, tid=6420
#
# JRE version: Java(TM) SE Runtime Environment (8.0_25-b18) (build 1.8.0_25-b18)
# Java VM: Java HotSpot(TM) 64-Bit Server VM (25.25-b02 mixed mode windows-amd64 compressed oops)
# Problematic frame:
# J 12504 C1 java.io.ObjectStreamClass$FieldReflector.getObjFieldValues(Ljava/lang/Object;[Ljava/lang/Object;)V (99 bytes) @ 0x0000000003950fea [0x0000000003950ec0+0x12a]
#
# Failed to write core dump. Minidumps are not enabled by default on client versions of Windows
#
# If you would like to submit a bug report, please visit:
#   http://bugreport.sun.com/bugreport/crash.jsp
#

---------------  T H R E A D  ---------------

Current thread (0x0000000020c72000):  JavaThread "localhost-startStop-2" daemon [_thread_in_Java, id=6420, stack(0x000000002c770000,0x000000002c870000)]

siginfo: ExceptionCode=0xc0000005, reading address 0x00000000c4a1bf4d

Registers:
RAX=0x00000000c4a1bf45, RBX=0x0000000000000060, RCX=0x00000000f5e27fc8, RDX=0x00000000f5591550
RSP=0x000000002c86d620, RBP=0x000000002c86d7b8, RSI=0x0000000000000000, RDI=0x000000010000f280
R8 =0x00000000f40e2cf8, R9 =0x00000000f5e27fb8, R10=0x00000001001198c8, R11=0x00000000f5586310
R12=0x0000000000000000, R13=0x00000000f4f60848, R14=0x000000002c86d808, R15=0x0000000020c72000
RIP=0x0000000003950fea, EFLAGS=0x0000000000010202

Top of Stack: (sp=0x000000002c86d620)
0x000000002c86d620:   000000002c86d678 00000000f5584190
0x000000002c86d630:   00000000f40e2cf8 00000000f5ba4170
0x000000002c86d640:   00000000f4f626c0 00000000f5ba4170
0x000000002c86d650:   000000002c86d7b8 0000000000000000
0x000000002c86d660:   0000000000000001 00000000f594e5e0
0x000000002c86d670:   000000002c86d7b8 0000000003f10d84
0x000000002c86d680:   00000000f5881668 000000002c86d688
0x000000002c86d690:   0000000016d2e7d2 000000002c86d718
0x000000002c86d6a0:   0000000016d31e18 000000002c5bf2b8
0x000000002c86d6b0:   0000000016d2e818 0000000000000000
0x000000002c86d6c0:   000000002c86d720 000000002c86d7b8
0x000000002c86d6d0:   000000000394c5c4 00000000d3b7dd48
0x000000002c86d6e0:   00000000d3b7dd48 00000000f40e2cf8
0x000000002c86d6f0:   00000000f5584190 00000000f4f60848
0x000000002c86d700:   0000000100000000 00000000f5e27fb8
0x000000002c86d710:   0000001000000000 00000000f5586310 

Instructions: (pc=0x0000000003950fea)
0x0000000003950fca:   bb c8 ce 5b 2c 00 00 00 00 81 8b c0 01 00 00 00
0x0000000003950fda:   01 00 00 e9 e7 00 00 00 41 8b 79 08 48 c1 e7 03
0x0000000003950fea:   8b 58 08 48 c1 e3 03 48 8b bf f0 00 00 00 48 3b
0x0000000003950ffa:   df 0f 84 2a 00 00 00 44 8b 5f 0c 4a 3b 3c 1b 0f 


Register to memory mapping:

RAX=0x00000000c4a1bf45 is an unknown value
RBX=0x0000000000000060 is an unknown value
RCX=0x00000000f5e27fc8 is an oop

[error occurred during error reporting (printing register info), id 0xc0000005]

Stack: [0x000000002c770000,0x000000002c870000],  sp=0x000000002c86d620,  free space=1013k
Native frames: (J=compiled Java code, j=interpreted, Vv=VM code, C=native code)
C  0x0000000003950fea


---------------  P R O C E S S  ---------------

Java Threads: ( => current thread )
=>0x0000000020c72000 JavaThread "localhost-startStop-2" daemon [_thread_in_Java, id=6420, stack(0x000000002c770000,0x000000002c870000)]
  0x0000000020c74800 JavaThread "Tomcat-startStop-2" daemon [_thread_blocked, id=6048, stack(0x000000002ac20000,0x000000002ad20000)]
  0x0000000020c89000 JavaThread "http-bio-8080-exec-10" daemon [_thread_in_native, id=1068, stack(0x000000002b670000,0x000000002b770000)]
  0x0000000020c87800 JavaThread "http-bio-8080-exec-9" daemon [_thread_blocked, id=7960, stack(0x000000002b220000,0x000000002b320000)]
  0x0000000020c82000 JavaThread "http-bio-8080-exec-8" daemon [_thread_in_native, id=6764, stack(0x0000000020300000,0x0000000020400000)]
  0x0000000020c85000 JavaThread "http-bio-8080-exec-7" daemon [_thread_in_native, id=2700, stack(0x0000000020200000,0x0000000020300000)]
  0x0000000020c83800 JavaThread "http-bio-8080-exec-6" daemon [_thread_in_native, id=2664, stack(0x000000001b6d0000,0x000000001b7d0000)]
  0x0000000020c83000 JavaThread "http-bio-8080-exec-5" daemon [_thread_blocked, id=1272, stack(0x000000001a100000,0x000000001a200000)]
  0x0000000020c84800 JavaThread "http-bio-8080-exec-4" daemon [_thread_in_native, id=792, stack(0x000000001a000000,0x000000001a100000)]
  0x0000000020c7e800 JavaThread "Thread-10" daemon [_thread_in_native, id=7064, stack(0x000000002a860000,0x000000002a960000)]
  0x0000000020c80800 JavaThread "http-bio-8080-exec-3" daemon [_thread_blocked, id=7780, stack(0x000000002b370000,0x000000002b470000)]
  0x0000000020c81800 JavaThread "DestroyJavaVM" [_thread_blocked, id=7584, stack(0x0000000001fd0000,0x00000000020d0000)]
  0x0000000020c7f000 JavaThread "Thread-8" [_thread_blocked, id=5200, stack(0x000000002b120000,0x000000002b220000)]
  0x0000000020c80000 JavaThread "http-bio-8080-exec-2" daemon [_thread_blocked, id=5340, stack(0x000000002b020000,0x000000002b120000)]
  0x0000000020c73800 JavaThread "http-bio-8080-exec-1" daemon [_thread_in_native, id=8292, stack(0x000000002af20000,0x000000002b020000)]
  0x0000000020c73000 JavaThread "http-bio-8080-AsyncTimeout" daemon [_thread_blocked, id=8128, stack(0x000000002ae20000,0x000000002af20000)]
  0x0000000020c75000 JavaThread "http-bio-8080-Acceptor-0" daemon [_thread_blocked, id=8912, stack(0x000000002ad20000,0x000000002ae20000)]
  0x00000000163f2800 JavaThread "net.sf.ehcache.CacheManager@266d21da" daemon [_thread_blocked, id=7636, stack(0x000000001dff0000,0x000000001e0f0000)]
  0x000000001767e800 JavaThread "FileSystemWatcher: files=#203 cl=groovy.lang.GroovyClassLoader@79179359" daemon [_thread_blocked, id=6908, stack(0x000000001b3d0000,0x000000001b4d0000)]
  0x0000000018f93000 JavaThread "Thread-3" [_thread_blocked, id=8712, stack(0x0000000019d00000,0x0000000019e00000)]
  0x00000000179b2000 JavaThread "Thread-2" [_thread_in_native, id=4692, stack(0x00000000195f0000,0x00000000196f0000)]
  0x00000000165a5800 JavaThread "NonBlockingInputStreamThread" daemon [_thread_blocked, id=6852, stack(0x0000000017150000,0x0000000017250000)]
  0x00000000159ff800 JavaThread "Service Thread" daemon [_thread_blocked, id=1840, stack(0x0000000015e80000,0x0000000015f80000)]
  0x00000000158e7800 JavaThread "C1 CompilerThread2" daemon [_thread_blocked, id=6804, stack(0x0000000015d80000,0x0000000015e80000)]
  0x00000000158e6800 JavaThread "C2 CompilerThread1" daemon [_thread_blocked, id=6004, stack(0x0000000015c80000,0x0000000015d80000)]
  0x00000000158bd800 JavaThread "C2 CompilerThread0" daemon [_thread_blocked, id=8084, stack(0x0000000015b80000,0x0000000015c80000)]
  0x000000001421f000 JavaThread "Attach Listener" daemon [_thread_blocked, id=5928, stack(0x0000000015680000,0x0000000015780000)]
  0x000000001421e800 JavaThread "Signal Dispatcher" daemon [_thread_blocked, id=8920, stack(0x0000000015580000,0x0000000015680000)]
  0x00000000024a8800 JavaThread "Finalizer" daemon [_thread_blocked, id=2152, stack(0x0000000015480000,0x0000000015580000)]
  0x000000000249e000 JavaThread "Reference Handler" daemon [_thread_blocked, id=2068, stack(0x0000000015380000,0x0000000015480000)]

Other Threads:
  0x00000000141e5800 VMThread [stack: 0x0000000015280000,0x0000000015380000] [id=6328]
  0x0000000015a01000 WatcherThread [stack: 0x0000000015f80000,0x0000000016080000] [id=9072]

VM state:not at safepoint (normal execution)

VM Mutex/Monitor currently owned by a thread: None

Heap:
 PSYoungGen      total 206848K, used 110208K [0x00000000f0000000, 0x0000000100000000, 0x0000000100000000)
  eden space 154624K, 62% used [0x00000000f0000000,0x00000000f5e4ed10,0x00000000f9700000)
  from space 52224K, 26% used [0x00000000f9700000,0x00000000fa4515c8,0x00000000fca00000)
  to   space 53248K, 0% used [0x00000000fcc00000,0x00000000fcc00000,0x0000000100000000)
 ParOldGen       total 181248K, used 151541K [0x00000000d0000000, 0x00000000db100000, 0x00000000f0000000)
  object space 181248K, 83% used [0x00000000d0000000,0x00000000d93fd508,0x00000000db100000)
 Metaspace       used 89090K, capacity 92586K, committed 92928K, reserved 1132544K
  class space    used 9635K, capacity 10645K, committed 10752K, reserved 1048576K

Card table byte_map: [0x0000000011870000,0x0000000011a00000] byte_map_base: 0x00000000111f0000

Marking Bits: (ParMarkBitMap*) 0x0000000066e9d490
 Begin Bits: [0x0000000011f00000, 0x0000000012b00000)
 End Bits:   [0x0000000012b00000, 0x0000000013700000)

Polling page: 0x0000000000680000

CodeCache: size=245760Kb used=38097Kb max_used=38097Kb free=207662Kb
 bounds [0x00000000024b0000, 0x0000000004a20000, 0x00000000114b0000]
 total_blobs=10213 nmethods=9423 adapters=701
 compilation: enabled

Compilation events (10 events):
Event: 2046.068 Thread 0x00000000158e7800 12533       3       sun.reflect.ClassFileAssembler::opc_ifnull (37 bytes)
Event: 2046.069 Thread 0x00000000158e7800 nmethod 12533 0x00000000049e6c10 code [0x00000000049e6e20, 0x00000000049e7798]
Event: 2046.069 Thread 0x00000000158e7800 12534       1       java.lang.reflect.Constructor::getSlot (5 bytes)
Event: 2046.069 Thread 0x00000000158e7800 nmethod 12534 0x00000000049be810 code [0x00000000049be960, 0x00000000049bea70]
Event: 2046.069 Thread 0x00000000158e7800 12535       1       java.lang.reflect.Constructor::getRawAnnotations (5 bytes)
Event: 2046.069 Thread 0x00000000158e7800 nmethod 12535 0x00000000049e6950 code [0x00000000049e6aa0, 0x00000000049e6bb0]
Event: 2046.069 Thread 0x00000000158e7800 12536       1       java.lang.reflect.Constructor::getRawParameterAnnotations (5 bytes)
Event: 2046.069 Thread 0x00000000158e7800 nmethod 12536 0x00000000049e6690 code [0x00000000049e67e0, 0x00000000049e68f0]
Event: 2046.074 Thread 0x00000000158e7800 12537       3       sun.reflect.AccessorGenerator::emitBoxingContantPoolEntries (1417 bytes)
Event: 2046.087 Thread 0x00000000158bd800 nmethod 12516 0x00000000049eba50 code [0x00000000049ebcc0, 0x00000000049ee100]

GC Heap History (10 events):
Event: 1894.265 GC heap before
{Heap before GC invocations=71 (full 4):
 PSYoungGen      total 200704K, used 174708K [0x00000000f0000000, 0x0000000100000000, 0x0000000100000000)
  eden space 143360K, 100% used [0x00000000f0000000,0x00000000f8c00000,0x00000000f8c00000)
  from space 57344K, 54% used [0x00000000fc200000,0x00000000fe09d070,0x00000000ffa00000)
  to   space 55296K, 0% used [0x00000000f8c00000,0x00000000f8c00000,0x00000000fc200000)
 ParOldGen       total 181248K, used 133857K [0x00000000d0000000, 0x00000000db100000, 0x00000000f0000000)
  object space 181248K, 73% used [0x00000000d0000000,0x00000000d82b86c0,0x00000000db100000)
 Metaspace       used 86389K, capacity 89432K, committed 89728K, reserved 1128448K
  class space    used 9404K, capacity 10324K, committed 10368K, reserved 1048576K
Event: 1894.334 GC heap after
Heap after GC invocations=71 (full 4):
 PSYoungGen      total 198656K, used 28424K [0x00000000f0000000, 0x00000000ffc00000, 0x0000000100000000)
  eden space 143360K, 0% used [0x00000000f0000000,0x00000000f0000000,0x00000000f8c00000)
  from space 55296K, 51% used [0x00000000f8c00000,0x00000000fa7c2018,0x00000000fc200000)
  to   space 54272K, 0% used [0x00000000fc700000,0x00000000fc700000,0x00000000ffc00000)
 ParOldGen       total 181248K, used 135950K [0x00000000d0000000, 0x00000000db100000, 0x00000000f0000000)
  object space 181248K, 75% used [0x00000000d0000000,0x00000000d84c3bb8,0x00000000db100000)
 Metaspace       used 86389K, capacity 89432K, committed 89728K, reserved 1128448K
  class space    used 9404K, capacity 10324K, committed 10368K, reserved 1048576K
}
Event: 1979.547 GC heap before
{Heap before GC invocations=72 (full 4):
 PSYoungGen      total 198656K, used 171784K [0x00000000f0000000, 0x00000000ffc00000, 0x0000000100000000)
  eden space 143360K, 100% used [0x00000000f0000000,0x00000000f8c00000,0x00000000f8c00000)
  from space 55296K, 51% used [0x00000000f8c00000,0x00000000fa7c2018,0x00000000fc200000)
  to   space 54272K, 0% used [0x00000000fc700000,0x00000000fc700000,0x00000000ffc00000)
 ParOldGen       total 181248K, used 135950K [0x00000000d0000000, 0x00000000db100000, 0x00000000f0000000)
  object space 181248K, 75% used [0x00000000d0000000,0x00000000d84c3bb8,0x00000000db100000)
 Metaspace       used 86946K, capacity 89986K, committed 90240K, reserved 1128448K
  class space    used 9437K, capacity 10339K, committed 10368K, reserved 1048576K
Event: 1979.594 GC heap after
Heap after GC invocations=72 (full 4):
 PSYoungGen      total 204800K, used 28485K [0x00000000f0000000, 0x00000000ffd00000, 0x0000000100000000)
  eden space 150528K, 0% used [0x00000000f0000000,0x00000000f0000000,0x00000000f9300000)
  from space 54272K, 52% used [0x00000000fc700000,0x00000000fe2d1618,0x00000000ffc00000)
  to   space 53248K, 0% used [0x00000000f9300000,0x00000000f9300000,0x00000000fc700000)
 ParOldGen       total 181248K, used 138278K [0x00000000d0000000, 0x00000000db100000, 0x00000000f0000000)
  object space 181248K, 76% used [0x00000000d0000000,0x00000000d8709bf8,0x00000000db100000)
 Metaspace       used 86946K, capacity 89986K, committed 90240K, reserved 1128448K
  class space    used 9437K, capacity 10339K, committed 10368K, reserved 1048576K
}
Event: 1980.833 GC heap before
{Heap before GC invocations=73 (full 4):
 PSYoungGen      total 204800K, used 179013K [0x00000000f0000000, 0x00000000ffd00000, 0x0000000100000000)
  eden space 150528K, 100% used [0x00000000f0000000,0x00000000f9300000,0x00000000f9300000)
  from space 54272K, 52% used [0x00000000fc700000,0x00000000fe2d1618,0x00000000ffc00000)
  to   space 53248K, 0% used [0x00000000f9300000,0x00000000f9300000,0x00000000fc700000)
 ParOldGen       total 181248K, used 138278K [0x00000000d0000000, 0x00000000db100000, 0x00000000f0000000)
  object space 181248K, 76% used [0x00000000d0000000,0x00000000d8709bf8,0x00000000db100000)
 Metaspace       used 86958K, capacity 89986K, committed 90240K, reserved 1128448K
  class space    used 9437K, capacity 10339K, committed 10368K, reserved 1048576K
Event: 1980.873 GC heap after
Heap after GC invocations=73 (full 4):
 PSYoungGen      total 203776K, used 24454K [0x00000000f0000000, 0x00000000ffd00000, 0x0000000100000000)
  eden space 150528K, 0% used [0x00000000f0000000,0x00000000f0000000,0x00000000f9300000)
  from space 53248K, 45% used [0x00000000f9300000,0x00000000faae1b40,0x00000000fc700000)
  to   space 52224K, 0% used [0x00000000fca00000,0x00000000fca00000,0x00000000ffd00000)
 ParOldGen       total 181248K, used 141383K [0x00000000d0000000, 0x00000000db100000, 0x00000000f0000000)
  object space 181248K, 78% used [0x00000000d0000000,0x00000000d8a11f90,0x00000000db100000)
 Metaspace       used 86958K, capacity 89986K, committed 90240K, reserved 1128448K
  class space    used 9437K, capacity 10339K, committed 10368K, reserved 1048576K
}
Event: 2007.373 GC heap before
{Heap before GC invocations=74 (full 4):
 PSYoungGen      total 203776K, used 174982K [0x00000000f0000000, 0x00000000ffd00000, 0x0000000100000000)
  eden space 150528K, 100% used [0x00000000f0000000,0x00000000f9300000,0x00000000f9300000)
  from space 53248K, 45% used [0x00000000f9300000,0x00000000faae1b40,0x00000000fc700000)
  to   space 52224K, 0% used [0x00000000fca00000,0x00000000fca00000,0x00000000ffd00000)
 ParOldGen       total 181248K, used 141383K [0x00000000d0000000, 0x00000000db100000, 0x00000000f0000000)
  object space 181248K, 78% used [0x00000000d0000000,0x00000000d8a11f90,0x00000000db100000)
 Metaspace       used 87623K, capacity 90624K, committed 90880K, reserved 1130496K
  class space    used 9475K, capacity 10378K, committed 10496K, reserved 1048576K
Event: 2007.416 GC heap after
Heap after GC invocations=74 (full 4):
 PSYoungGen      total 206848K, used 19966K [0x00000000f0000000, 0x00000000fff00000, 0x0000000100000000)
  eden space 154624K, 0% used [0x00000000f0000000,0x00000000f0000000,0x00000000f9700000)
  from space 52224K, 38% used [0x00000000fca00000,0x00000000fdd7f8a0,0x00000000ffd00000)
  to   space 52224K, 0% used [0x00000000f9700000,0x00000000f9700000,0x00000000fca00000)
 ParOldGen       total 181248K, used 149136K [0x00000000d0000000, 0x00000000db100000, 0x00000000f0000000)
  object space 181248K, 82% used [0x00000000d0000000,0x00000000d91a4008,0x00000000db100000)
 Metaspace       used 87623K, capacity 90624K, committed 90880K, reserved 1130496K
  class space    used 9475K, capacity 10378K, committed 10496K, reserved 1048576K
}
Event: 2010.330 GC heap before
{Heap before GC invocations=75 (full 4):
 PSYoungGen      total 206848K, used 174590K [0x00000000f0000000, 0x00000000fff00000, 0x0000000100000000)
  eden space 154624K, 100% used [0x00000000f0000000,0x00000000f9700000,0x00000000f9700000)
  from space 52224K, 38% used [0x00000000fca00000,0x00000000fdd7f8a0,0x00000000ffd00000)
  to   space 52224K, 0% used [0x00000000f9700000,0x00000000f9700000,0x00000000fca00000)
 ParOldGen       total 181248K, used 149136K [0x00000000d0000000, 0x00000000db100000, 0x00000000f0000000)
  object space 181248K, 82% used [0x00000000d0000000,0x00000000d91a4008,0x00000000db100000)
 Metaspace       used 87708K, capacity 90816K, committed 91136K, reserved 1130496K
  class space    used 9480K, capacity 10378K, committed 10496K, reserved 1048576K
Event: 2010.382 GC heap after
Heap after GC invocations=75 (full 4):
 PSYoungGen      total 206848K, used 13637K [0x00000000f0000000, 0x0000000100000000, 0x0000000100000000)
  eden space 154624K, 0% used [0x00000000f0000000,0x00000000f0000000,0x00000000f9700000)
  from space 52224K, 26% used [0x00000000f9700000,0x00000000fa4515c8,0x00000000fca00000)
  to   space 53248K, 0% used [0x00000000fcc00000,0x00000000fcc00000,0x0000000100000000)
 ParOldGen       total 181248K, used 151541K [0x00000000d0000000, 0x00000000db100000, 0x00000000f0000000)
  object space 181248K, 83% used [0x00000000d0000000,0x00000000d93fd508,0x00000000db100000)
 Metaspace       used 87708K, capacity 90816K, committed 91136K, reserved 1130496K
  class space    used 9480K, capacity 10378K, committed 10496K, reserved 1048576K
}

Deoptimization events (10 events):
Event: 1980.727 Thread 0x0000000020c7f000 Uncommon trap: reason=array_check action=maybe_recompile pc=0x0000000003ea61a4 method=java.util.LinkedList.toArray([Ljava/lang/Object;)[Ljava/lang/Object; @ 55
Event: 1980.728 Thread 0x0000000020c7f000 Uncommon trap: reason=array_check action=maybe_recompile pc=0x0000000003ea61a4 method=java.util.LinkedList.toArray([Ljava/lang/Object;)[Ljava/lang/Object; @ 55
Event: 1982.235 Thread 0x000000001767e800 Uncommon trap: reason=null_check action=make_not_entrant pc=0x00000000030e2b48 method=org.codehaus.groovy.util.AbstractConcurrentMap$Segment.getOrPut(Ljava/lang/Object;ILjava/lang/Object;)Lorg/codehaus/groovy/util/AbstractConcurrentMap$Entry; @ 82
Event: 1984.853 Thread 0x0000000020c83800 Uncommon trap: reason=null_check action=make_not_entrant pc=0x00000000038264f8 method=org.codehaus.groovy.util.AbstractConcurrentMap$Segment.getOrPut(Ljava/lang/Object;ILjava/lang/Object;)Lorg/codehaus/groovy/util/AbstractConcurrentMap$Entry; @ 82
Event: 2044.663 Thread 0x0000000020c72000 Uncommon trap: reason=bimorphic action=maybe_recompile pc=0x00000000035844d0 method=java.util.Hashtable.put(Ljava/lang/Object;Ljava/lang/Object;)Ljava/lang/Object; @ 60
Event: 2044.663 Thread 0x0000000020c72000 Uncommon trap: reason=bimorphic action=maybe_recompile pc=0x00000000035844d0 method=java.util.Hashtable.put(Ljava/lang/Object;Ljava/lang/Object;)Ljava/lang/Object; @ 60
Event: 2044.667 Thread 0x0000000020c72000 Uncommon trap: reason=speculate_class_check action=maybe_recompile pc=0x000000000342debc method=java.util.concurrent.locks.ReentrantReadWriteLock$Sync.tryAcquireShared(I)I @ 33
Event: 2044.668 Thread 0x0000000020c72000 Uncommon trap: reason=speculate_class_check action=maybe_recompile pc=0x000000000342debc method=java.util.concurrent.locks.ReentrantReadWriteLock$Sync.tryAcquireShared(I)I @ 33
Event: 2044.779 Thread 0x0000000020c72000 Uncommon trap: reason=class_check action=maybe_recompile pc=0x00000000047779d4 method=groovy.lang.MetaClassImpl.getNormalMethodWithCaching([Ljava/lang/Object;Lorg/codehaus/groovy/runtime/metaclass/MetaMethodIndex$Entry;)Lgroovy/lang/MetaMethod; @ 76
Event: 2045.036 Thread 0x0000000020c72000 Uncommon trap: reason=class_check action=maybe_recompile pc=0x0000000003229e20 method=java.util.HashSet.clear()V @ 4

Internal exceptions (10 events):
Event: 2046.054 Thread 0x0000000020c72000 Exception <a 'java/lang/NoSuchMethodError': <clinit>> (0x00000000f5cf43d0) thrown at [D:\re\workspace\8-2-build-windows-amd64-cygwin\jdk8u25\1677\hotspot\src\share\vm\prims\jni.cpp, line 1603]
Event: 2046.070 Thread 0x0000000020c72000 Exception <a 'java/lang/NoSuchMethodError': <clinit>> (0x00000000f5d62868) thrown at [D:\re\workspace\8-2-build-windows-amd64-cygwin\jdk8u25\1677\hotspot\src\share\vm\prims\jni.cpp, line 1603]
Event: 2046.072 Thread 0x0000000020c72000 Exception <a 'java/lang/NoSuchMethodError': <clinit>> (0x00000000f5d6f3c0) thrown at [D:\re\workspace\8-2-build-windows-amd64-cygwin\jdk8u25\1677\hotspot\src\share\vm\prims\jni.cpp, line 1603]
Event: 2046.073 Thread 0x0000000020c72000 Exception <a 'java/lang/NoSuchMethodError': <clinit>> (0x00000000f5d7bd60) thrown at [D:\re\workspace\8-2-build-windows-amd64-cygwin\jdk8u25\1677\hotspot\src\share\vm\prims\jni.cpp, line 1603]
Event: 2046.078 Thread 0x0000000020c72000 Exception <a 'java/lang/NoSuchMethodError': <clinit>> (0x00000000f5dafd20) thrown at [D:\re\workspace\8-2-build-windows-amd64-cygwin\jdk8u25\1677\hotspot\src\share\vm\prims\jni.cpp, line 1603]
Event: 2046.085 Thread 0x0000000020c72000 Exception <a 'java/lang/NoSuchMethodError': <clinit>> (0x00000000f5dbd748) thrown at [D:\re\workspace\8-2-build-windows-amd64-cygwin\jdk8u25\1677\hotspot\src\share\vm\prims\jni.cpp, line 1603]
Event: 2046.087 Thread 0x0000000020c72000 Exception <a 'java/lang/NoSuchMethodError': <clinit>> (0x00000000f5dcfd88) thrown at [D:\re\workspace\8-2-build-windows-amd64-cygwin\jdk8u25\1677\hotspot\src\share\vm\prims\jni.cpp, line 1603]
Event: 2046.090 Thread 0x0000000020c72000 Exception <a 'java/lang/NoSuchMethodError': <clinit>> (0x00000000f5de8680) thrown at [D:\re\workspace\8-2-build-windows-amd64-cygwin\jdk8u25\1677\hotspot\src\share\vm\prims\jni.cpp, line 1603]
Event: 2046.092 Thread 0x0000000020c72000 Exception <a 'java/lang/NoSuchMethodError': <clinit>> (0x00000000f5df7c48) thrown at [D:\re\workspace\8-2-build-windows-amd64-cygwin\jdk8u25\1677\hotspot\src\share\vm\prims\jni.cpp, line 1603]
Event: 2046.099 Thread 0x0000000020c72000 Exception <a 'java/lang/NoSuchMethodError': <clinit>> (0x00000000f5e25390) thrown at [D:\re\workspace\8-2-build-windows-amd64-cygwin\jdk8u25\1677\hotspot\src\share\vm\prims\jni.cpp, line 1603]

Events (10 events):
Event: 2046.015 loading class java/io/NotSerializableException
Event: 2046.015 loading class java/io/NotSerializableException done
Event: 2046.023 Thread 0x0000000020c72000 DEOPT PACKING pc=0x00000000037bf0c0 sp=0x000000002c866030
Event: 2046.023 Thread 0x0000000020c72000 DEOPT UNPACKING pc=0x00000000024f75bf sp=0x000000002c865d98 mode 0
Event: 2046.040 loading class com/vaadin/data/util/IndexedContainer$IndexedContainerProperty
Event: 2046.040 loading class com/vaadin/data/util/IndexedContainer$IndexedContainerProperty done
Event: 2046.055 Executing VM operation: RevokeBias
Event: 2046.055 Executing VM operation: RevokeBias done
Event: 2046.094 Executing VM operation: RevokeBias
Event: 2046.094 Executing VM operation: RevokeBias done


Dynamic libraries:
0x00007ff729fa0000 - 0x00007ff729fd4000 	C:\Program Files\Java\jdk1.8.0_25\bin\java.exe
0x00007ffb07450000 - 0x00007ffb075fc000 	C:\WINDOWS\SYSTEM32\ntdll.dll
0x00007ffb07300000 - 0x00007ffb0743a000 	C:\WINDOWS\system32\KERNEL32.DLL
0x00007ffb04890000 - 0x00007ffb0499f000 	C:\WINDOWS\system32\KERNELBASE.dll
0x00007ffb033d0000 - 0x00007ffb03458000 	C:\WINDOWS\system32\apphelp.dll
0x00007ffae1930000 - 0x00007ffae197f000 	C:\WINDOWS\AppPatch\AppPatch64\AcGenral.DLL
0x00007ffb05500000 - 0x00007ffb055a7000 	C:\WINDOWS\system32\msvcrt.dll
0x00007ffb045a0000 - 0x00007ffb045cb000 	C:\WINDOWS\SYSTEM32\SspiCli.dll
0x00007ffb04cd0000 - 0x00007ffb04d21000 	C:\WINDOWS\system32\SHLWAPI.dll
0x00007ffb05380000 - 0x00007ffb054f1000 	C:\WINDOWS\system32\USER32.dll
0x00007ffb069c0000 - 0x00007ffb06b38000 	C:\WINDOWS\system32\ole32.dll
0x00007ffb055b0000 - 0x00007ffb069bf000 	C:\WINDOWS\system32\SHELL32.dll
0x00007ffb03db0000 - 0x00007ffb03dce000 	C:\WINDOWS\SYSTEM32\USERENV.dll
0x00007ffb04d30000 - 0x00007ffb04dd5000 	C:\WINDOWS\system32\ADVAPI32.dll
0x00007ffaf7610000 - 0x00007ffaf762b000 	C:\WINDOWS\SYSTEM32\MPR.dll
0x00007ffb06f50000 - 0x00007ffb07087000 	C:\WINDOWS\system32\RPCRT4.dll
0x00007ffb05210000 - 0x00007ffb05267000 	C:\WINDOWS\SYSTEM32\sechost.dll
0x00007ffb06d00000 - 0x00007ffb06ed6000 	C:\WINDOWS\SYSTEM32\combase.dll
0x00007ffb06b40000 - 0x00007ffb06c84000 	C:\WINDOWS\system32\GDI32.dll
0x00007ffb047c0000 - 0x00007ffb047d4000 	C:\WINDOWS\SYSTEM32\profapi.dll
0x00007ffb02de0000 - 0x00007ffb02e7f000 	C:\WINDOWS\SYSTEM32\SHCORE.dll
0x00007ffb06c90000 - 0x00007ffb06cc4000 	C:\WINDOWS\system32\IMM32.DLL
0x00007ffb04de0000 - 0x00007ffb04f19000 	C:\WINDOWS\system32\MSCTF.dll
0x00007ffb02550000 - 0x00007ffb027aa000 	C:\WINDOWS\WinSxS\amd64_microsoft.windows.common-controls_6595b64144ccf1df_6.0.9600.17031_none_6242a4b3ecbb55a1\COMCTL32.dll
0x0000000066f20000 - 0x0000000066ff2000 	C:\Program Files\Java\jdk1.8.0_25\jre\bin\msvcr100.dll
0x00000000666c0000 - 0x0000000066f1a000 	C:\Program Files\Java\jdk1.8.0_25\jre\bin\server\jvm.dll
0x00007ffafbad0000 - 0x00007ffafbad9000 	C:\WINDOWS\SYSTEM32\WSOCK32.dll
0x00007ffaffe40000 - 0x00007ffaffe5f000 	C:\WINDOWS\SYSTEM32\WINMM.dll
0x00007ffb06cf0000 - 0x00007ffb06cf7000 	C:\WINDOWS\system32\PSAPI.DLL
0x00007ffb05280000 - 0x00007ffb052d8000 	C:\WINDOWS\system32\WS2_32.dll
0x00007ffaffe10000 - 0x00007ffaffe3a000 	C:\WINDOWS\SYSTEM32\WINMMBASE.dll
0x00007ffb07440000 - 0x00007ffb07449000 	C:\WINDOWS\system32\NSI.dll
0x00007ffb049a0000 - 0x00007ffb049ea000 	C:\WINDOWS\SYSTEM32\cfgmgr32.dll
0x00007ffb03620000 - 0x00007ffb03646000 	C:\WINDOWS\SYSTEM32\DEVOBJ.dll
0x00000000666b0000 - 0x00000000666bf000 	C:\Program Files\Java\jdk1.8.0_25\jre\bin\verify.dll
0x0000000066680000 - 0x00000000666a8000 	C:\Program Files\Java\jdk1.8.0_25\jre\bin\java.dll
0x00000000665f0000 - 0x0000000066613000 	C:\Program Files\Java\jdk1.8.0_25\jre\bin\instrument.dll
0x0000000066660000 - 0x0000000066676000 	C:\Program Files\Java\jdk1.8.0_25\jre\bin\zip.dll
0x00007ffb04060000 - 0x00007ffb0407e000 	C:\WINDOWS\SYSTEM32\CRYPTSP.dll
0x00007ffb03ca0000 - 0x00007ffb03cd5000 	C:\WINDOWS\system32\rsaenh.dll
0x00007ffb042a0000 - 0x00007ffb042c6000 	C:\WINDOWS\SYSTEM32\bcrypt.dll
0x00007ffb045d0000 - 0x00007ffb04630000 	C:\WINDOWS\system32\bcryptprimitives.dll
0x00007ffb04630000 - 0x00007ffb0463a000 	C:\WINDOWS\SYSTEM32\CRYPTBASE.dll
0x0000000066640000 - 0x000000006665a000 	C:\Program Files\Java\jdk1.8.0_25\jre\bin\net.dll
0x00007ffb04000000 - 0x00007ffb04058000 	C:\WINDOWS\system32\mswsock.dll
0x00007ffaffdc0000 - 0x00007ffaffde9000 	C:\WINDOWS\SYSTEM32\IPHLPAPI.DLL
0x00007ffaffda0000 - 0x00007ffaffdaa000 	C:\WINDOWS\SYSTEM32\WINNSI.DLL
0x00007ffaffa00000 - 0x00007ffaffa14000 	C:\WINDOWS\SYSTEM32\dhcpcsvc6.DLL
0x00007ffaffb40000 - 0x00007ffaffb59000 	C:\WINDOWS\SYSTEM32\dhcpcsvc.DLL
0x0000000066620000 - 0x0000000066631000 	C:\Program Files\Java\jdk1.8.0_25\jre\bin\nio.dll
0x00007ffb02bd0000 - 0x00007ffb02bda000 	C:\Users\Willy\AppData\Local\Temp\jansi-64-2382955236712207548.dll
0x00000000665a0000 - 0x00000000665ad000 	C:\Program Files\Java\jdk1.8.0_25\jre\bin\management.dll
0x00007ffb03e10000 - 0x00007ffb03eb3000 	C:\WINDOWS\SYSTEM32\DNSAPI.dll
0x00007ffafb5f0000 - 0x00007ffafb5f9000 	C:\Windows\System32\rasadhlp.dll
0x00007ffaffa80000 - 0x00007ffaffae8000 	C:\WINDOWS\System32\fwpuclnt.dll
0x00007ffafb650000 - 0x00007ffafb664000 	C:\WINDOWS\system32\napinsp.dll
0x00007ffafb630000 - 0x00007ffafb649000 	C:\WINDOWS\system32\pnrpnsp.dll
0x00007ffb00890000 - 0x00007ffb008ab000 	C:\WINDOWS\system32\NLAapi.dll
0x00007ffafb620000 - 0x00007ffafb62c000 	C:\WINDOWS\System32\winrnr.dll
0x00007ffafb600000 - 0x00007ffafb613000 	C:\WINDOWS\system32\wshbth.dll
0x00007ffaecd50000 - 0x00007ffaeced8000 	C:\WINDOWS\SYSTEM32\dbghelp.dll

VM Arguments:
jvm_args: -Dfile.encoding=UTF-8 -Xmx768M -Xms64M -Dgrails.fork.parent.process.port=58675 -Dgrails.fork.active=true -Dgrails.build.execution.context=C:\Users\Willy\AppData\Local\Temp\StockControl6277921395231006466grails-execution-context -Dgrails.home=C:\grails-2.4.4 -javaagent:C:\grails-2.4.4\lib\org.springframework\springloaded\jars\springloaded-1.2.1.RELEASE.jar -Xverify:none -Dspringloaded.synchronize=true -Djdk.reflect.allowGetCallerClass=true -Dspringloaded=profile=grails;cacheDir=C:\Users\Willy\.grails\2.4.4 
java_command: org.grails.plugins.tomcat.fork.ForkedTomcatServer
java_class_path (initial): C:\Program Files\Java\jdk1.8.0_25\lib\tools.jar;C:\grails-2.4.4\lib\org.codehaus.groovy\groovy-all\jars\groovy-all-2.3.7.jar;C:\grails-2.4.4\lib\org.slf4j\jcl-over-slf4j\jars\jcl-over-slf4j-1.7.5.jar;C:\grails-2.4.4\lib\org.codehaus.gant\gant_groovy1.8\jars\gant_groovy1.8-1.9.6.jar;C:\grails-2.4.4\lib\org.apache.tomcat.embed\tomcat-embed-logging-log4j\jars\tomcat-embed-logging-log4j-7.0.50.jar;C:\grails-2.4.4\dist\grails-plugin-log4j-2.4.4.jar;C:\grails-2.4.4\lib\log4j\log4j\jars\log4j-1.2.17.jar;C:\grails-2.4.4\dist\grails-bootstrap-2.4.4.jar;C:\grails-2.4.4\lib\org.slf4j\slf4j-api\jars\slf4j-api-1.7.5.jar;C:\grails-2.4.4\lib\jline\jline\jars\jline-2.12.jar;C:\grails-2.4.4\lib\org.apache.ant\ant\jars\ant-1.8.4.jar;C:\grails-2.4.4\lib\org.apache.ant\ant-launcher\jars\ant-launcher-1.8.4.jar;C:\grails-2.4.4\lib\org.apache.ant\ant-trax\jars\ant-trax-1.7.1.jar;C:\grails-2.4.4\lib\org.apache.ant\ant-junit\jars\ant-junit-1.8.4.jar;C:\grails-2.4.4\lib\org.apache.ivy\ivy\jars\ivy-2.3.0.jar;C:\grails-2.4.4\lib\org.fusesource.jansi\jansi\jars\jansi-1.11.jar;C:\Users\Willy\.m2\repository\org\apache\tomcat\tomcat-catalina-ant\7.0.55\tomcat-catalina-ant-7.0.55.jar;C:\Users\Willy\.m2\repository\org\apache\tomcat\embed\tomcat-embed-jasper\7.0.55\tomcat-embed-jasper-7.0.55.jar;C:\Users\Willy\.m2\repository\org\apache\tomcat\embed\tomcat-embed-el\7.0.55\tomcat-embed-el-7.0.55.jar;C:\Users\Willy\.m2\repository\org\apache\tomcat\embed\tomcat-embed-logging-log4j\7.0.55\tomcat-embed-logging-log4j-7.0.55.jar;C:\Users\Willy\.m2\repository\org\apache\tomcat\embed\tomcat-embed-websocket\7.0.55\tomcat-embed-websocket-7.0.55.jar;C:\Users\Willy\.m2\repository\org\apache\tomcat\embed\tomcat-embed-core\7.0.55\tomcat-embed-core-7.0.55.jar;C:\Users\Willy\.m2\repository\org\eclipse\jdt\core\compiler\ecj\3.7.2\ecj-3.7.2.jar;C:\Users\Willy\workspace\StockControl\target\work\plugins\tomcat-7.0.55\grails-plugin-tomcat-7.0.55.jar;;C:\grails-2.4.4\lib\org.springframework\spri
Launcher Type: SUN_STANDARD

Environment Variables:
JAVA_HOME=C:\Program Files\Java\jdk1.8.0_25
PATH=C:\ProgramData\Oracle\Java\javapath;C:\Program Files (x86)\Intel\iCLS Client\;C:\Program Files\Intel\iCLS Client\;C:\Program Files\Broadcom\Broadcom 802.11 Network Adapter;C:\WINDOWS\system32;C:\WINDOWS;C:\WINDOWS\System32\Wbem;C:\WINDOWS\System32\WindowsPowerShell\v1.0\;C:\Program Files\Intel\Intel(R) Management Engine Components\DAL;C:\Program Files\Intel\Intel(R) Management Engine Components\IPT;C:\Program Files (x86)\Intel\Intel(R) Management Engine Components\DAL;C:\Program Files (x86)\Intel\Intel(R) Management Engine Components\IPT;C:\Program Files\WIDCOMM\Bluetooth Software\;C:\Program Files\WIDCOMM\Bluetooth Software\syswow64;C:\Program Files (x86)\Intel\OpenCL SDK\2.0\bin\x86;C:\Program Files (x86)\Intel\OpenCL SDK\2.0\bin\x64;C:\Program Files\Sony\VAIO Improvement;C:\Program Files (x86)\Sony\VAIO BIOS Data Transfer Utility\;C:\Program Files (x86)\Sony\VAIO Startup Setting Tool;C:\Program Files\Microsoft SQL Server\110\Tools\Binn\;C:\Program Files\TortoiseSVN\bin;C:\Program Files (x86)\Microsoft ASP.NET\ASP.NET Web Pages\v1.0\;C:\Program Files (x86)\Windows Kits\8.0\Windows Performance Toolkit\;c:\Program Files (x86)\Microsoft SQL Server\110\Tools\Binn\;c:\Program Files\Microsoft SQL Server\110\DTS\Binn\;C:\Program Files (x86)\Microsoft SQL Server\110\Tools\Binn\ManagementStudio\;C:\Program Files (x86)\Microsoft SQL Server\110\DTS\Binn\;C:\Program Files\TortoiseGit\bin;C:\Program Files\Microsoft\Web Platform Installer\
USERNAME=Willy
OS=Windows_NT
PROCESSOR_IDENTIFIER=Intel64 Family 6 Model 58 Stepping 9, GenuineIntel



---------------  S Y S T E M  ---------------

OS: Windows 8.1 , 64 bit Build 9600 

CPU:total 4 (2 cores per cpu, 2 threads per core) family 6 model 58 stepping 9, cmov, cx8, fxsr, mmx, sse, sse2, sse3, ssse3, sse4.1, sse4.2, popcnt, avx, clmul, erms, ht, tsc, tscinvbit, tscinv

Memory: 4k page, physical 6167348k(1801536k free), swap 8788788k(3263084k free)

vm_info: Java HotSpot(TM) 64-Bit Server VM (25.25-b02) for windows-amd64 JRE (1.8.0_25-b18), built on Oct  7 2014 14:25:37 by "java_re" with MS VC++ 10.0 (VS2010)

time: Thu Feb 26 13:45:16 2015
elapsed time: 2046 seconds (0d 0h 34m 6s)

